http://ufldl.stanford.edu/
language: True  cnratio: 0.0
/home/ChenJW/Project/Spider/SearchRes/deep learning/en/
http://deeplearning.net/tutorial/lstm.html
language: True  cnratio: 0.0
/home/ChenJW/Project/Spider/SearchRes/deep learning/en/
http://www.cnblogs.com/JackOne/archive/2013/02/19/DeepLearning-FirstBoold.html
language: False  cnratio: 0.423342276734
/home/ChenJW/Project/Spider/SearchRes/deep learning/cn/
https://www.52ml.net/categories/DeepLearning
language: False  cnratio: 0.604651162791
/home/ChenJW/Project/Spider/SearchRes/deep learning/cn/
http://blog.csdn.net/zouxy09/article/details/8775360
language: False  cnratio: 0.647434692727
/home/ChenJW/Project/Spider/SearchRes/deep learning/cn/
http://www.deeplearning.net/tutorial/
language: True  cnratio: 0.0
/home/ChenJW/Project/Spider/SearchRes/deep learning/en/
http://blog.csdn.net/abcjennifer/article/details/7826917
language: False  cnratio: 0.22184227399
/home/ChenJW/Project/Spider/SearchRes/deep learning/cn/
http://www.deeplearningbook.org/
language: True  cnratio: 0.0
/home/ChenJW/Project/Spider/SearchRes/deep learning/en/
http://deeplearning.net/tutorial/
language: True  cnratio: 0.0
/home/ChenJW/Project/Spider/SearchRes/deep learning/en/
http://deeplearning.net/software/theano/
language: True  cnratio: 0.0
/home/ChenJW/Project/Spider/SearchRes/deep learning/en/
http://neuralnetworksanddeeplearning.com/chap6.html
language: True  cnratio: 0.0
/home/ChenJW/Project/Spider/SearchRes/deep learning/en/
http://blog.csdn.net/zouxy09/article/details/8775518
language: False  cnratio: 0.634544848283
/home/ChenJW/Project/Spider/SearchRes/deep learning/cn/
https://www.forbes.com/sites/kevinmurnane/2016/04/01/what-is-deep-learning-and-how-is-it-useful/
language: True  cnratio: 0.0
/home/ChenJW/Project/Spider/SearchRes/deep learning/en/
http://deeplearning.net/
language: True  cnratio: 0.0
/home/ChenJW/Project/Spider/SearchRes/deep learning/en/
http://xueshu.baidu.com/s?wd=paperuri:(64baf63efde30968ad8f3f00cb0509d8)&filter=sc_long_sign&sc_ks_para=q%3DEmoNets%3A+Multimodal+deep+learning+approaches+for+emotion+recognition+in+video&tn=SE_baiduxueshu_c1gjeupa&ie=utf-8&sc_us=4731924589040659151
language: False  cnratio: 0.838383838384
/home/ChenJW/Project/Spider/SearchRes/deep learning/cn/
https://mitpress.mit.edu/books/deep-learning
language: True  cnratio: 0.0
/home/ChenJW/Project/Spider/SearchRes/deep learning/en/
http://neuralnetworksanddeeplearning.com/
language: True  cnratio: 0.0
/home/ChenJW/Project/Spider/SearchRes/deep learning/en/
http://deeplearning.stanford.edu/tutorial/
language: True  cnratio: 0.0
/home/ChenJW/Project/Spider/SearchRes/deep learning/en/
https://developer.nvidia.com/deep-learning-software
language: True  cnratio: 0.0
/home/ChenJW/Project/Spider/SearchRes/deep learning/en/
https://en.wikipedia.org/wiki/Deep_learning
language: True  cnratio: 7.13297288044e-05
/home/ChenJW/Project/Spider/SearchRes/deep learning/en/
http://cs231n.stanford.edu/
language: True  cnratio: 0.0
/home/ChenJW/Project/Spider/SearchRes/deep learning/en/
http://deeplearning.net/tutorial/gettingstarted.html
language: True  cnratio: 0.0
/home/ChenJW/Project/Spider/SearchRes/deep learning/en/
http://deeplearning.stanford.edu/wiki/index.php/UFLDL_Tutorial
language: True  cnratio: 0.0
/home/ChenJW/Project/Spider/SearchRes/deep learning/en/
https://developer.nvidia.com/deep-learning
language: True  cnratio: 0.0
/home/ChenJW/Project/Spider/SearchRes/deep learning/en/
http://wh1te.me/index.php/category/deep-learning/
language: False  cnratio: 0.458309514087
/home/ChenJW/Project/Spider/SearchRes/deep learning/cn/
https://www.52ml.net/21371.html
language: False  cnratio: 0.570663811563
/home/ChenJW/Project/Spider/SearchRes/deep learning/cn/
https://www.nvidia.com/en-us/deep-learning-ai/education/
language: True  cnratio: 0.0
/home/ChenJW/Project/Spider/SearchRes/deep learning/en/
https://cn.udacity.com/course/deep-learning--ud730
language: False  cnratio: 0.461889250814
/home/ChenJW/Project/Spider/SearchRes/deep learning/cn/
http://f.dataguru.cn/topic-deep-learning.html
language: True  cnratio: 0.0
http://download.csdn.net/download/happytofly/8758755
language: False  cnratio: 0.403100775194
/home/ChenJW/Project/Spider/SearchRes/deep learning/cn/
https://exacity.github.io/deeplearningbook-chinese/
language: False  cnratio: 0.76660988075
/home/ChenJW/Project/Spider/SearchRes/deep learning/cn/
http://tutorial.caffe.berkeleyvision.org/
language: True  cnratio: 0.0
/home/ChenJW/Project/Spider/SearchRes/deep learning/en/
https://cn.udacity.com/course/deep-learning-nanodegree-foundation--nd101
language: False  cnratio: 0.788910505837
/home/ChenJW/Project/Spider/SearchRes/deep learning/cn/
https://deeplearning4j.org/
language: True  cnratio: 0.0
/home/ChenJW/Project/Spider/SearchRes/deep learning/en/
https://www.nvidia.com/en-us/deep-learning-ai/
language: True  cnratio: 0.0
/home/ChenJW/Project/Spider/SearchRes/deep learning/en/
http://deeplearning.net/reading-list/
language: True  cnratio: 0.0
/home/ChenJW/Project/Spider/SearchRes/deep learning/en/
http://cs224d.stanford.edu/
language: True  cnratio: 0.0
/home/ChenJW/Project/Spider/SearchRes/deep learning/en/
https://en.wikipedia.org/wiki/Deeplearning4j
language: True  cnratio: 0.0
/home/ChenJW/Project/Spider/SearchRes/deep learning/en/
http://vdisk.weibo.com/s/tm48fJBw41wz_
http://mmlab.ie.cuhk.edu.hk/project_deep_learning.html
language: True  cnratio: 0.0
/home/ChenJW/Project/Spider/SearchRes/deep learning/en/
https://rocm.github.io/dl.html
language: True  cnratio: 0.0
/home/ChenJW/Project/Spider/SearchRes/deep learning/en/
https://developer.nvidia.com/deep-learning-frameworks
language: True  cnratio: 0.0
/home/ChenJW/Project/Spider/SearchRes/deep learning/en/
https://arxiv.org/abs/1606.07792
language: True  cnratio: 0.0
/home/ChenJW/Project/Spider/SearchRes/deep learning/en/
https://www.coursera.org/specializations/deep-learning?authMode=login&recoOrder=1
https://www.oreilly.com/ideas/what-is-deep-learning
language: True  cnratio: 0.0
/home/ChenJW/Project/Spider/SearchRes/deep learning/en/
http://cs.nyu.edu/~fergus/tutorials/deep_learning_cvpr12/
language: True  cnratio: 0.0
/home/ChenJW/Project/Spider/SearchRes/deep learning/en/
http://caffe.berkeleyvision.org/
language: True  cnratio: 0.0
/home/ChenJW/Project/Spider/SearchRes/deep learning/en/
http://forums.fast.ai/
http://rll.berkeley.edu/deeprlcourse/
language: True  cnratio: 0.0
/home/ChenJW/Project/Spider/SearchRes/deep learning/en/
http://www.socher.org/index.php/DeepLearningTutorial/DeepLearningTutorial
language: True  cnratio: 0.0
/home/ChenJW/Project/Spider/SearchRes/deep learning/en/
https://www.coursera.org/specializations/deep-learning
http://torch.ch/
language: True  cnratio: 0.0
/home/ChenJW/Project/Spider/SearchRes/deep learning/en/
http://videolectures.net/jul09_hinton_deeplearn/
language: True  cnratio: 0.0
/home/ChenJW/Project/Spider/SearchRes/deep learning/en/
http://www.bioinfo.org.cn/~casp/temp/DeepLearning.pdf
http://xueshu.baidu.com/s?wd=paperuri:(d9c708fea03ed974c3e87e2d21472e2a)&filter=sc_long_sign&sc_ks_para=q%3DDeep+Learning+for+Information+Retrieval&tn=SE_baiduxueshu_c1gjeupa&ie=utf-8&sc_us=12879885579487681693
language: False  cnratio: 0.838383838384
/home/ChenJW/Project/Spider/SearchRes/deep learning/cn/
http://xueshu.baidu.com/s?wd=paperuri:(2c91a00cfcfa1def5209dbba3af100e6)&filter=sc_long_sign&sc_ks_para=q%3DHashing+by+Deep+Learning&tn=SE_baiduxueshu_c1gjeupa&ie=utf-8&sc_us=9623905229391673584
language: False  cnratio: 0.381898454746
/home/ChenJW/Project/Spider/SearchRes/deep learning/cn/
http://blog.sina.com.cn/s/blog_46d0a3930101h6nf.html
language: False  cnratio: 0.297048677654
/home/ChenJW/Project/Spider/SearchRes/deep learning/cn/
http://xueshu.baidu.com/s?wd=paperuri:(fa8abc7bc1c2192e88da21517007b48c)&filter=sc_long_sign&sc_ks_para=q%3DDeep+learning+%26+convolutional+networks&tn=SE_baiduxueshu_c1gjeupa&ie=utf-8&sc_us=15139843882253234680
language: False  cnratio: 0.838383838384
/home/ChenJW/Project/Spider/SearchRes/deep learning/cn/
http://deeplearning.cs.toronto.edu/
https://www.cs.toronto.edu/~hinton/absps/NatureDeepReview.pdf
language: True  cnratio: 0.0
/home/ChenJW/Project/Spider/SearchRes/deep learning/en/
http://markus.com/deep-learning-101/
language: True  cnratio: 0.0
/home/ChenJW/Project/Spider/SearchRes/deep learning/en/
http://www.cnblogs.com/tornadomeet/p/3261247.html
language: True  cnratio: 0.181826680378
/home/ChenJW/Project/Spider/SearchRes/deep learning/en/
http://idl.baidu.com/
language: False  cnratio: 0.729344729345
/home/ChenJW/Project/Spider/SearchRes/deep learning/cn/
http://rt.dgyblog.com/ref/ref-learning-deep-learning.html
language: True  cnratio: 0.0
/home/ChenJW/Project/Spider/SearchRes/deep learning/en/
http://www.xuebuyuan.com/1541870.html
language: False  cnratio: 0.677547770701
/home/ChenJW/Project/Spider/SearchRes/deep learning/cn/
http://licstar.net/archives/328
language: False  cnratio: 0.584013883218
/home/ChenJW/Project/Spider/SearchRes/deep learning/cn/
http://xueshu.baidu.com/s?wd=paperuri:(391a204c9ccf6cb10e708ee65aece07f)&filter=sc_long_sign&sc_ks_para=q%3DTutorial+on+Deep+Learning&tn=SE_baiduxueshu_c1gjeupa&ie=utf-8&sc_us=5102161544058716576
language: False  cnratio: 0.838383838384
/home/ChenJW/Project/Spider/SearchRes/deep learning/cn/
http://lib.csdn.net/base/deeplearning
language: False  cnratio: 0.674740484429
/home/ChenJW/Project/Spider/SearchRes/deep learning/cn/
http://www.iro.umontreal.ca/~bengioy/yoshua_en/research.html
language: True  cnratio: 0.0
/home/ChenJW/Project/Spider/SearchRes/deep learning/en/
http://www.parallelr.com/r-deep-neural-network-from-scratch/
language: True  cnratio: 0.0
/home/ChenJW/Project/Spider/SearchRes/deep learning/en/
http://ufldl.stanford.edu/wiki/index.php/UFLDL_Tutorial
language: True  cnratio: 0.0
/home/ChenJW/Project/Spider/SearchRes/deep learning/en/
http://www.teglor.com/b/deep-learning-libraries-language-cm569/
language: True  cnratio: 0.0
/home/ChenJW/Project/Spider/SearchRes/deep learning/en/
http://blog.csdn.net/abcjennifer/article/details/7826917/
language: False  cnratio: 0.22184227399
/home/ChenJW/Project/Spider/SearchRes/deep learning/cn/
http://pr.cs.cornell.edu/deepgrasping/
language: True  cnratio: 0.0
/home/ChenJW/Project/Spider/SearchRes/deep learning/en/
http://www.52nlp.cn/tag/deep-learning
language: False  cnratio: 0.230368390049
/home/ChenJW/Project/Spider/SearchRes/deep learning/cn/
https://venturebeat.com/2014/07/30/andrew-ng-baidu/
language: True  cnratio: 0.0
/home/ChenJW/Project/Spider/SearchRes/deep learning/en/
https://nlp.stanford.edu/courses/NAACL2013/
language: True  cnratio: 0.0
/home/ChenJW/Project/Spider/SearchRes/deep learning/en/
http://www.rsipvision.com/exploring-deep-learning/
language: True  cnratio: 0.0
/home/ChenJW/Project/Spider/SearchRes/deep learning/en/
https://skymind.ai/
language: True  cnratio: 0.0
/home/ChenJW/Project/Spider/SearchRes/deep learning/en/
https://devblogs.nvidia.com/parallelforall/deep-learning-nutshell-core-concepts/
language: True  cnratio: 0.0
/home/ChenJW/Project/Spider/SearchRes/deep learning/en/
http://course.fast.ai/
language: True  cnratio: 0.0
/home/ChenJW/Project/Spider/SearchRes/deep learning/en/
https://www.wired.com/2013/12/facebook-yann-lecun-qa/
language: True  cnratio: 0.0
/home/ChenJW/Project/Spider/SearchRes/deep learning/en/
https://deepdrive.berkeley.edu/
language: True  cnratio: 0.0
/home/ChenJW/Project/Spider/SearchRes/deep learning/en/
https://lambdal.com/
language: True  cnratio: 0.0
/home/ChenJW/Project/Spider/SearchRes/deep learning/en/
http://fortune.com/ai-artificial-intelligence-deep-machine-learning/
language: True  cnratio: 0.0
/home/ChenJW/Project/Spider/SearchRes/deep learning/en/
https://petewarden.com/2015/04/20/why-gemm-is-at-the-heart-of-deep-learning/
language: True  cnratio: 0.0
/home/ChenJW/Project/Spider/SearchRes/deep learning/en/
https://zhidao.baidu.com/question/1835523609588029380.html
https://baike.baidu.com/item/%E6%B7%B1%E5%BA%A6%E5%AD%A6%E4%B9%A0/3729729?fr=aladdin
language: False  cnratio: 0.561130452591
/home/ChenJW/Project/Spider/SearchRes/deep learning/cn/
https://www.toptal.com/machine-learning/an-introduction-to-deep-learning-from-perceptrons-to-deep-networks
language: True  cnratio: 0.0
/home/ChenJW/Project/Spider/SearchRes/deep learning/en/
https://machinelearningmastery.com/applied-deep-learning-in-python-mini-course/
language: True  cnratio: 0.0
/home/ChenJW/Project/Spider/SearchRes/deep learning/en/
https://www.technologyreview.com/s/513696/deep-learning/
language: True  cnratio: 0.0
/home/ChenJW/Project/Spider/SearchRes/deep learning/en/
http://videolectures.net/deeplearning2016_montreal/
language: True  cnratio: 0.0
/home/ChenJW/Project/Spider/SearchRes/deep learning/en/
https://www.movidius.com/solutions/machine-vision-algorithms
language: True  cnratio: 0.0
/home/ChenJW/Project/Spider/SearchRes/deep learning/en/
https://www.newyorker.com/news/news-desk/is-deep-learning-a-revolution-in-artificial-intelligence
https://www.udemy.com/data-science-deep-learning-in-python/
language: True  cnratio: 0.0
/home/ChenJW/Project/Spider/SearchRes/deep learning/en/
https://www.re-work.co/events/deep-learning-boston-2015
language: True  cnratio: 0.0
/home/ChenJW/Project/Spider/SearchRes/deep learning/en/
https://www.hewlett.org/strategy/deeper-learning/
language: True  cnratio: 0.0
/home/ChenJW/Project/Spider/SearchRes/deep learning/en/
